# do {mov_aver_tb_compile.do}
# QuestaSim-64 vmap 2024.1 Lib Mapping Utility 2024.02 Feb  1 2024
# vmap xil_defaultlib questa_lib/msim/xil_defaultlib 
# Modifying modelsim.ini
# QuestaSim-64 vcom 2024.1 Compiler 2024.02 Feb  1 2024
# Start time: 09:58:09 on Mar 30,2026
# vcom -93 -work xil_defaultlib ../../../../MOV_AVER_PR.gen/sources_1/ip/divider/sim/divider.vhd 
# -- Loading package STANDARD
# -- Loading package TEXTIO
# -- Loading package std_logic_1164
# -- Loading package NUMERIC_STD
# -- Compiling entity divider
# -- Compiling architecture divider_arch of divider
# End time: 09:58:09 on Mar 30,2026, Elapsed time: 0:00:00
# Errors: 0, Warnings: 0
# QuestaSim-64 vlog 2024.1 Compiler 2024.02 Feb  1 2024
# Start time: 09:58:09 on Mar 30,2026
# vlog -incr -mfcu -work xil_defaultlib ../../../../MOV_AVER_PR.gen/sources_1/ip/input_fifo/sim/input_fifo.v 
# -- Compiling module input_fifo
# 
# Top level modules:
# 	input_fifo
# End time: 09:58:09 on Mar 30,2026, Elapsed time: 0:00:00
# Errors: 0, Warnings: 0
# QuestaSim-64 vlog 2024.1 Compiler 2024.02 Feb  1 2024
# Start time: 09:58:09 on Mar 30,2026
# vlog -incr -mfcu -sv -work xil_defaultlib ../../../../../hdl/mov_aver_top.sv ../../../../../tb/mov_aver_tb.sv 
# -- Compiling module mov_aver_top
# -- Compiling module mov_aver_tb
# 
# Top level modules:
# 	mov_aver_tb
# End time: 09:58:09 on Mar 30,2026, Elapsed time: 0:00:00
# Errors: 0, Warnings: 0
# QuestaSim-64 vlog 2024.1 Compiler 2024.02 Feb  1 2024
# Start time: 09:58:09 on Mar 30,2026
# vlog -work xil_defaultlib glbl.v 
# -- Compiling module glbl
# 
# Top level modules:
# 	glbl
# End time: 09:58:09 on Mar 30,2026, Elapsed time: 0:00:00
# Errors: 0, Warnings: 0
