Vivado Simulator v2023.2
Copyright 1986-2022 Xilinx, Inc. All Rights Reserved.
Copyright 2022-2023 Advanced Micro Devices, Inc. All Rights Reserved.
Running: /tools/Xilinx/Vivado/2023.2/bin/unwrapped/lnx64.o/xelab --incr --debug typical --relax --mt 8 -L xil_defaultlib -L fifo_generator_v13_2_9 -L uvm -L unisims_ver -L unimacro_ver -L secureip -L xpm --snapshot mov_aver_tb_behav xil_defaultlib.mov_aver_tb xil_defaultlib.glbl -log elaborate.log 
Using 8 slave threads.
Starting static elaboration
Pass Through NonSizing Optimizer
Completed static elaboration
Starting simulation data flow analysis
WARNING: [XSIM 43-4099] "/home/alex/HDL_PROJECTS/MOV_AVER/hdl/mov_aver_top.sv" Line 1. Module mov_aver_top doesn't have a timescale but at least one module in design has a timescale.
WARNING: [XSIM 43-4099] "/home/alex/HDL_PROJECTS/MOV_AVER/hdl/mov_aver_top.sv" Line 1. Module mov_aver_top doesn't have a timescale but at least one module in design has a timescale.
Completed simulation data flow analysis
Time Resolution for simulation is 1ps
Compiling module fifo_generator_v13_2_9.fifo_generator_v13_2_9_bhv_ver_s...
Compiling module fifo_generator_v13_2_9.fifo_generator_v13_2_9_bhv_ver_p...
Compiling module fifo_generator_v13_2_9.fifo_generator_v13_2_9_CONV_VER(...
Compiling module fifo_generator_v13_2_9.fifo_generator_vlog_beh(C_COMMON...
Compiling module xil_defaultlib.input_fifo
Compiling module xil_defaultlib.mov_aver_top
Compiling module xil_defaultlib.mov_aver_tb
Compiling module xil_defaultlib.glbl
Built simulation snapshot mov_aver_tb_behav
